{"level":"info","message":"url: \"localhost:8080/\", date: Mon Feb 26 2018 19:43:44 GMT+0300 (Беларусь (зима))"}
{"level":"info","message":"url: \"localhost:8080/favicon.ico\", date: Mon Feb 26 2018 19:43:44 GMT+0300 (Беларусь (зима))"}
{"level":"info","message":"url: \"localhost:8080/p\", date: Mon Feb 26 2018 19:43:47 GMT+0300 (Беларусь (зима))"}
{"level":"info","message":"url: \"localhost:8080/favicon.ico\", date: Mon Feb 26 2018 19:43:49 GMT+0300 (Беларусь (зима))"}
{"level":"info","message":"url: \"localhost:8080/posts\", date: Mon Feb 26 2018 20:16:43 GMT+0300 (Беларусь (зима))"}
{"level":"info","message":"url: \"localhost:8080/posts\", date: Mon Feb 26 2018 20:20:47 GMT+0300 (Беларусь (зима))"}
{"level":"info","message":"url: \"localhost:8080/posts\", date: Mon Feb 26 2018 20:20:47 GMT+0300 (Беларусь (зима))"}
{"level":"info","message":"url: \"localhost:8080/posts\", date: Mon Feb 26 2018 20:21:20 GMT+0300 (Беларусь (зима))"}
{"level":"info","message":"url: \"localhost:8080/posts\", date: Mon Feb 26 2018 20:21:20 GMT+0300 (Беларусь (зима))"}
{"level":"info","message":"url: \"localhost:8080/p\", date: Mon Feb 26 2018 20:42:07 GMT+0300 (Беларусь (зима))"}
{"level":"info","message":"url: \"localhost:8080/p\", date: Mon Feb 26 2018 20:42:07 GMT+0300 (Беларусь (зима))"}
{"level":"info","message":"url: \"localhost:8080/favicon.ico\", date: Mon Feb 26 2018 20:42:08 GMT+0300 (Беларусь (зима))"}
{"level":"info","message":"url: \"localhost:8080/favicon.ico\", date: Mon Feb 26 2018 20:42:08 GMT+0300 (Беларусь (зима))"}
{"level":"info","message":"url: \"localhost:8080/\", date: Mon Feb 26 2018 20:42:11 GMT+0300 (Беларусь (зима))"}
{"level":"info","message":"url: \"localhost:8080/\", date: Mon Feb 26 2018 20:42:11 GMT+0300 (Беларусь (зима))"}
{"level":"info","message":"url: \"localhost:8080/favicon.ico\", date: Mon Feb 26 2018 20:42:12 GMT+0300 (Беларусь (зима))"}
{"level":"info","message":"url: \"localhost:8080/favicon.ico\", date: Mon Feb 26 2018 20:42:12 GMT+0300 (Беларусь (зима))"}
{"level":"info","message":"url: \"localhost:8080/\", date: Mon Feb 26 2018 20:47:40 GMT+0300 (Беларусь (зима))"}
{"level":"info","message":"url: \"localhost:8080/\", date: Mon Feb 26 2018 20:47:40 GMT+0300 (Беларусь (зима))"}
{"level":"error","message":"error: {}, date: Mon Feb 26 2018 20:47:40 GMT+0300 (Беларусь (зима))"}
{"level":"info","message":"url: \"localhost:8080/favicon.ico\", date: Mon Feb 26 2018 20:47:40 GMT+0300 (Беларусь (зима))"}
{"level":"info","message":"url: \"localhost:8080/favicon.ico\", date: Mon Feb 26 2018 20:47:40 GMT+0300 (Беларусь (зима))"}
{"level":"info","message":"url: \"localhost:8080/\", date: Mon Feb 26 2018 20:51:47 GMT+0300 (Беларусь (зима))"}
{"level":"info","message":"url: \"localhost:8080/\", date: Mon Feb 26 2018 20:51:47 GMT+0300 (Беларусь (зима))"}
{"level":"error","message":"error: {}, date: Mon Feb 26 2018 20:51:47 GMT+0300 (Беларусь (зима))"}
{"level":"info","message":"url: \"localhost:8080/favicon.ico\", date: Mon Feb 26 2018 20:51:48 GMT+0300 (Беларусь (зима))"}
{"level":"info","message":"url: \"localhost:8080/favicon.ico\", date: Mon Feb 26 2018 20:51:48 GMT+0300 (Беларусь (зима))"}
{"level":"info","message":"url: \"localhost:8080/\", date: Mon Feb 26 2018 20:53:49 GMT+0300 (Беларусь (зима))"}
{"level":"info","message":"url: \"localhost:8080/\", date: Mon Feb 26 2018 20:53:49 GMT+0300 (Беларусь (зима))"}
{"level":"error","message":"error: {\"name\":\"Invariant Violation\",\"framesToPop\":1}, date: Mon Feb 26 2018 20:53:49 GMT+0300 (Беларусь (зима))"}
{"level":"info","message":"url: \"localhost:8080/favicon.ico\", date: Mon Feb 26 2018 20:53:50 GMT+0300 (Беларусь (зима))"}
{"level":"info","message":"url: \"localhost:8080/favicon.ico\", date: Mon Feb 26 2018 20:53:50 GMT+0300 (Беларусь (зима))"}
{"level":"info","message":"url: \"localhost:8080/posts\", date: Mon Feb 26 2018 20:57:10 GMT+0300 (Беларусь (зима))"}
{"level":"info","message":"url: \"localhost:8080/posts\", date: Mon Feb 26 2018 20:57:10 GMT+0300 (Беларусь (зима))"}
{"level":"info","message":"url: \"localhost:8080/favicon.ico\", date: Mon Feb 26 2018 20:57:10 GMT+0300 (Беларусь (зима))"}
{"level":"info","message":"url: \"localhost:8080/favicon.ico\", date: Mon Feb 26 2018 20:57:10 GMT+0300 (Беларусь (зима))"}
{"level":"info","message":"url: \"localhost:8080/p\", date: Mon Feb 26 2018 20:57:19 GMT+0300 (Беларусь (зима))"}
{"level":"info","message":"url: \"localhost:8080/p\", date: Mon Feb 26 2018 20:57:19 GMT+0300 (Беларусь (зима))"}
{"level":"info","message":"url: \"localhost:8080/addpost\", date: Mon Feb 26 2018 20:57:22 GMT+0300 (Беларусь (зима))"}
{"level":"info","message":"url: \"localhost:8080/addpost\", date: Mon Feb 26 2018 20:57:22 GMT+0300 (Беларусь (зима))"}
{"level":"info","message":"url: \"localhost:8080/favicon.ico\", date: Mon Feb 26 2018 20:57:22 GMT+0300 (Беларусь (зима))"}
{"level":"info","message":"url: \"localhost:8080/favicon.ico\", date: Mon Feb 26 2018 20:57:22 GMT+0300 (Беларусь (зима))"}
{"level":"info","message":"url: \"localhost:8080/\", date: Mon Feb 26 2018 20:58:26 GMT+0300 (Беларусь (зима))"}
{"level":"info","message":"url: \"localhost:8080/\", date: Mon Feb 26 2018 20:58:26 GMT+0300 (Беларусь (зима))"}
{"level":"error","message":"error: {\"name\":\"Invariant Violation\",\"framesToPop\":1}, date: Mon Feb 26 2018 20:58:26 GMT+0300 (Беларусь (зима))"}
{"level":"info","message":"url: \"localhost:8080/favicon.ico\", date: Mon Feb 26 2018 20:58:26 GMT+0300 (Беларусь (зима))"}
{"level":"info","message":"url: \"localhost:8080/favicon.ico\", date: Mon Feb 26 2018 20:58:26 GMT+0300 (Беларусь (зима))"}
{"level":"info","message":"url: \"localhost:8080/\", date: Mon Feb 26 2018 20:59:39 GMT+0300 (Беларусь (зима))"}
{"level":"info","message":"url: \"localhost:8080/\", date: Mon Feb 26 2018 20:59:39 GMT+0300 (Беларусь (зима))"}
{"level":"error","message":"error: {\"name\":\"Invariant Violation\",\"framesToPop\":1}, date: Mon Feb 26 2018 20:59:39 GMT+0300 (Беларусь (зима))"}
{"level":"info","message":"url: \"localhost:8080/favicon.ico\", date: Mon Feb 26 2018 20:59:40 GMT+0300 (Беларусь (зима))"}
{"level":"info","message":"url: \"localhost:8080/favicon.ico\", date: Mon Feb 26 2018 20:59:40 GMT+0300 (Беларусь (зима))"}
{"level":"info","message":"url: \"localhost:8080/\", date: Mon Feb 26 2018 20:59:46 GMT+0300 (Беларусь (зима))"}
{"level":"info","message":"url: \"localhost:8080/\", date: Mon Feb 26 2018 20:59:46 GMT+0300 (Беларусь (зима))"}
{"level":"error","message":"error: {\"name\":\"Invariant Violation\",\"framesToPop\":1}, date: Mon Feb 26 2018 20:59:46 GMT+0300 (Беларусь (зима))"}
{"level":"info","message":"url: \"localhost:8080/favicon.ico\", date: Mon Feb 26 2018 20:59:46 GMT+0300 (Беларусь (зима))"}
{"level":"info","message":"url: \"localhost:8080/favicon.ico\", date: Mon Feb 26 2018 20:59:46 GMT+0300 (Беларусь (зима))"}
{"level":"info","message":"url: \"localhost:8080/\", date: Mon Feb 26 2018 21:00:27 GMT+0300 (Беларусь (зима))"}
{"level":"info","message":"url: \"localhost:8080/\", date: Mon Feb 26 2018 21:00:27 GMT+0300 (Беларусь (зима))"}
{"level":"error","message":"error: {\"name\":\"Invariant Violation\",\"framesToPop\":1}, date: Mon Feb 26 2018 21:00:27 GMT+0300 (Беларусь (зима))"}
{"level":"info","message":"url: \"localhost:8080/favicon.ico\", date: Mon Feb 26 2018 21:00:28 GMT+0300 (Беларусь (зима))"}
{"level":"info","message":"url: \"localhost:8080/favicon.ico\", date: Mon Feb 26 2018 21:00:28 GMT+0300 (Беларусь (зима))"}
{"level":"info","message":"url: \"localhost:8080/posts\", date: Mon Feb 26 2018 21:00:38 GMT+0300 (Беларусь (зима))"}
{"level":"info","message":"url: \"localhost:8080/posts\", date: Mon Feb 26 2018 21:00:38 GMT+0300 (Беларусь (зима))"}
{"level":"info","message":"url: \"localhost:8080/favicon.ico\", date: Mon Feb 26 2018 21:00:39 GMT+0300 (Беларусь (зима))"}
{"level":"info","message":"url: \"localhost:8080/favicon.ico\", date: Mon Feb 26 2018 21:00:39 GMT+0300 (Беларусь (зима))"}
{"level":"info","message":"url: \"localhost:8080/addpost\", date: Mon Feb 26 2018 21:00:48 GMT+0300 (Беларусь (зима))"}
{"level":"info","message":"url: \"localhost:8080/addpost\", date: Mon Feb 26 2018 21:00:48 GMT+0300 (Беларусь (зима))"}
{"level":"info","message":"url: \"localhost:8080/addpost\", date: Mon Feb 26 2018 21:02:07 GMT+0300 (Беларусь (зима))"}
{"level":"info","message":"url: \"localhost:8080/addpost\", date: Mon Feb 26 2018 21:02:07 GMT+0300 (Беларусь (зима))"}
{"level":"info","message":"url: \"localhost:8080/\", date: Mon Feb 26 2018 21:02:13 GMT+0300 (Беларусь (зима))"}
{"level":"info","message":"url: \"localhost:8080/\", date: Mon Feb 26 2018 21:02:13 GMT+0300 (Беларусь (зима))"}
{"level":"error","message":"error: {\"name\":\"Invariant Violation\",\"framesToPop\":1}, date: Mon Feb 26 2018 21:02:13 GMT+0300 (Беларусь (зима))"}
{"level":"info","message":"url: \"localhost:8080/favicon.ico\", date: Mon Feb 26 2018 21:02:13 GMT+0300 (Беларусь (зима))"}
{"level":"info","message":"url: \"localhost:8080/favicon.ico\", date: Mon Feb 26 2018 21:02:13 GMT+0300 (Беларусь (зима))"}
{"level":"info","message":"url: \"localhost:8080/\", date: Mon Feb 26 2018 21:02:47 GMT+0300 (Беларусь (зима))"}
{"level":"info","message":"url: \"localhost:8080/\", date: Mon Feb 26 2018 21:02:47 GMT+0300 (Беларусь (зима))"}
{"level":"error","message":"error: {\"name\":\"Invariant Violation\",\"framesToPop\":1}, date: Mon Feb 26 2018 21:02:47 GMT+0300 (Беларусь (зима))"}
{"level":"info","message":"url: \"localhost:8080/favicon.ico\", date: Mon Feb 26 2018 21:02:48 GMT+0300 (Беларусь (зима))"}
{"level":"info","message":"url: \"localhost:8080/favicon.ico\", date: Mon Feb 26 2018 21:02:48 GMT+0300 (Беларусь (зима))"}
{"level":"info","message":"url: \"localhost:8080/\", date: Mon Feb 26 2018 21:03:15 GMT+0300 (Беларусь (зима))"}
{"level":"info","message":"url: \"localhost:8080/\", date: Mon Feb 26 2018 21:03:15 GMT+0300 (Беларусь (зима))"}
{"level":"error","message":"error: {\"name\":\"Invariant Violation\",\"framesToPop\":1}, date: Mon Feb 26 2018 21:03:15 GMT+0300 (Беларусь (зима))"}
{"level":"info","message":"url: \"localhost:8080/\", date: Mon Feb 26 2018 21:11:52 GMT+0300 (Беларусь (зима))"}
{"level":"info","message":"url: \"localhost:8080/\", date: Mon Feb 26 2018 21:11:52 GMT+0300 (Беларусь (зима))"}
{"level":"error","message":"error: {\"name\":\"Invariant Violation\",\"framesToPop\":1}, date: Mon Feb 26 2018 21:11:52 GMT+0300 (Беларусь (зима))"}
{"level":"info","message":"url: \"localhost:8080/p\", date: Mon Feb 26 2018 21:11:58 GMT+0300 (Беларусь (зима))"}
{"level":"info","message":"url: \"localhost:8080/p\", date: Mon Feb 26 2018 21:11:58 GMT+0300 (Беларусь (зима))"}
{"level":"info","message":"url: \"localhost:8080/posts\", date: Mon Feb 26 2018 21:12:00 GMT+0300 (Беларусь (зима))"}
{"level":"info","message":"url: \"localhost:8080/posts\", date: Mon Feb 26 2018 21:12:00 GMT+0300 (Беларусь (зима))"}
{"level":"info","message":"url: \"localhost:8080/posts\", date: Mon Feb 26 2018 21:14:00 GMT+0300 (Беларусь (зима))"}
{"level":"info","message":"url: \"localhost:8080/posts\", date: Mon Feb 26 2018 21:14:00 GMT+0300 (Беларусь (зима))"}
{"level":"info","message":"url: \"localhost:8080/\", date: Mon Feb 26 2018 22:14:24 GMT+0300 (Беларусь (зима))"}
{"level":"info","message":"url: \"localhost:8080/\", date: Mon Feb 26 2018 22:14:24 GMT+0300 (Беларусь (зима))"}
{"level":"error","message":"error: {\"name\":\"Invariant Violation\",\"framesToPop\":1}, date: Mon Feb 26 2018 22:14:24 GMT+0300 (Беларусь (зима))"}
{"level":"info","message":"url: \"localhost:8080/posts\", date: Mon Feb 26 2018 22:14:29 GMT+0300 (Беларусь (зима))"}
{"level":"info","message":"url: \"localhost:8080/posts\", date: Mon Feb 26 2018 22:14:29 GMT+0300 (Беларусь (зима))"}
{"level":"info","message":"url: \"localhost:8080/posts\", date: Mon Feb 26 2018 22:14:33 GMT+0300 (Беларусь (зима))"}
{"level":"info","message":"url: \"localhost:8080/posts\", date: Mon Feb 26 2018 22:14:33 GMT+0300 (Беларусь (зима))"}
{"level":"info","message":"url: \"localhost:8080/posts\", date: Mon Feb 26 2018 22:17:02 GMT+0300 (Беларусь (зима))"}
{"level":"info","message":"url: \"localhost:8080/posts\", date: Mon Feb 26 2018 22:17:02 GMT+0300 (Беларусь (зима))"}
{"level":"info","message":"url: \"localhost:8080/posts\", date: Mon Feb 26 2018 22:17:18 GMT+0300 (Беларусь (зима))"}
{"level":"info","message":"url: \"localhost:8080/posts\", date: Mon Feb 26 2018 22:17:18 GMT+0300 (Беларусь (зима))"}
{"level":"info","message":"url: \"localhost:8080/\", date: Mon Feb 26 2018 22:17:21 GMT+0300 (Беларусь (зима))"}
{"level":"info","message":"url: \"localhost:8080/\", date: Mon Feb 26 2018 22:17:21 GMT+0300 (Беларусь (зима))"}
{"level":"error","message":"error: {\"name\":\"Invariant Violation\",\"framesToPop\":1}, date: Mon Feb 26 2018 22:17:21 GMT+0300 (Беларусь (зима))"}
{"level":"info","message":"url: \"localhost:8080/\", date: Mon Feb 26 2018 22:17:25 GMT+0300 (Беларусь (зима))"}
{"level":"info","message":"url: \"localhost:8080/\", date: Mon Feb 26 2018 22:17:25 GMT+0300 (Беларусь (зима))"}
{"level":"error","message":"error: {\"name\":\"Invariant Violation\",\"framesToPop\":1}, date: Mon Feb 26 2018 22:17:25 GMT+0300 (Беларусь (зима))"}
{"level":"info","message":"url: \"localhost:8080/\", date: Mon Feb 26 2018 22:17:27 GMT+0300 (Беларусь (зима))"}
{"level":"info","message":"url: \"localhost:8080/\", date: Mon Feb 26 2018 22:17:27 GMT+0300 (Беларусь (зима))"}
{"level":"error","message":"error: {\"name\":\"Invariant Violation\",\"framesToPop\":1}, date: Mon Feb 26 2018 22:17:27 GMT+0300 (Беларусь (зима))"}
{"level":"info","message":"url: \"localhost:8080/\", date: Mon Feb 26 2018 22:17:36 GMT+0300 (Беларусь (зима))"}
{"level":"info","message":"url: \"localhost:8080/\", date: Mon Feb 26 2018 22:17:36 GMT+0300 (Беларусь (зима))"}
{"level":"error","message":"error: {\"name\":\"Invariant Violation\",\"framesToPop\":1}, date: Mon Feb 26 2018 22:17:36 GMT+0300 (Беларусь (зима))"}
{"level":"info","message":"url: \"localhost:8080/\", date: Mon Feb 26 2018 22:18:09 GMT+0300 (Беларусь (зима))"}
{"level":"info","message":"url: \"localhost:8080/\", date: Mon Feb 26 2018 22:18:09 GMT+0300 (Беларусь (зима))"}
{"level":"error","message":"error: {\"name\":\"Invariant Violation\",\"framesToPop\":1}, date: Mon Feb 26 2018 22:18:09 GMT+0300 (Беларусь (зима))"}
{"level":"info","message":"url: \"localhost:8080/posts\", date: Mon Feb 26 2018 22:18:39 GMT+0300 (Беларусь (зима))"}
{"level":"info","message":"url: \"localhost:8080/posts\", date: Mon Feb 26 2018 22:18:39 GMT+0300 (Беларусь (зима))"}
{"level":"info","message":"url: \"localhost:8080/addpost\", date: Mon Feb 26 2018 22:18:53 GMT+0300 (Беларусь (зима))"}
{"level":"info","message":"url: \"localhost:8080/addpost\", date: Mon Feb 26 2018 22:18:53 GMT+0300 (Беларусь (зима))"}
{"level":"info","message":"url: \"localhost:8080/posts\", date: Mon Feb 26 2018 22:19:27 GMT+0300 (Беларусь (зима))"}
{"level":"info","message":"url: \"localhost:8080/posts\", date: Mon Feb 26 2018 22:19:27 GMT+0300 (Беларусь (зима))"}
{"level":"info","message":"url: \"localhost:8080/posts\", date: Mon Feb 26 2018 22:20:11 GMT+0300 (Беларусь (зима))"}
{"level":"info","message":"url: \"localhost:8080/posts\", date: Mon Feb 26 2018 22:20:11 GMT+0300 (Беларусь (зима))"}
{"level":"info","message":"url: \"localhost:8080/\", date: Mon Feb 26 2018 22:20:23 GMT+0300 (Беларусь (зима))"}
{"level":"info","message":"url: \"localhost:8080/\", date: Mon Feb 26 2018 22:20:23 GMT+0300 (Беларусь (зима))"}
{"level":"error","message":"error: {\"name\":\"Invariant Violation\",\"framesToPop\":1}, date: Mon Feb 26 2018 22:20:23 GMT+0300 (Беларусь (зима))"}
{"level":"info","message":"url: \"localhost:8080/posts\", date: Mon Feb 26 2018 22:20:41 GMT+0300 (Беларусь (зима))"}
{"level":"info","message":"url: \"localhost:8080/posts\", date: Mon Feb 26 2018 22:20:41 GMT+0300 (Беларусь (зима))"}
{"level":"info","message":"url: \"localhost:8080/posts\", date: Mon Feb 26 2018 22:20:45 GMT+0300 (Беларусь (зима))"}
{"level":"info","message":"url: \"localhost:8080/posts\", date: Mon Feb 26 2018 22:20:45 GMT+0300 (Беларусь (зима))"}
{"level":"info","message":"url: \"localhost:8080/posts\", date: Mon Feb 26 2018 22:21:27 GMT+0300 (Беларусь (зима))"}
{"level":"info","message":"url: \"localhost:8080/posts\", date: Mon Feb 26 2018 22:21:27 GMT+0300 (Беларусь (зима))"}
{"level":"info","message":"url: \"localhost:8080/posts\", date: Mon Feb 26 2018 22:21:32 GMT+0300 (Беларусь (зима))"}
{"level":"info","message":"url: \"localhost:8080/posts\", date: Mon Feb 26 2018 22:21:32 GMT+0300 (Беларусь (зима))"}
{"level":"info","message":"url: \"localhost:8080/posts\", date: Mon Feb 26 2018 22:22:33 GMT+0300 (Беларусь (зима))"}
{"level":"info","message":"url: \"localhost:8080/posts\", date: Mon Feb 26 2018 22:22:33 GMT+0300 (Беларусь (зима))"}
{"level":"info","message":"url: \"localhost:8080/posts\", date: Mon Feb 26 2018 22:22:40 GMT+0300 (Беларусь (зима))"}
{"level":"info","message":"url: \"localhost:8080/posts\", date: Mon Feb 26 2018 22:22:40 GMT+0300 (Беларусь (зима))"}
{"level":"info","message":"url: \"localhost:8080/posts\", date: Mon Feb 26 2018 22:22:47 GMT+0300 (Беларусь (зима))"}
{"level":"info","message":"url: \"localhost:8080/posts\", date: Mon Feb 26 2018 22:22:47 GMT+0300 (Беларусь (зима))"}
{"level":"info","message":"url: \"localhost:8080/login\", date: Mon Feb 26 2018 22:23:43 GMT+0300 (Беларусь (зима))"}
{"level":"info","message":"url: \"localhost:8080/login\", date: Mon Feb 26 2018 22:23:43 GMT+0300 (Беларусь (зима))"}
{"level":"info","message":"url: \"localhost:8080/posts\", date: Mon Feb 26 2018 22:23:51 GMT+0300 (Беларусь (зима))"}
{"level":"info","message":"url: \"localhost:8080/posts\", date: Mon Feb 26 2018 22:23:51 GMT+0300 (Беларусь (зима))"}
{"level":"info","message":"url: \"localhost:8080/posts\", date: Mon Feb 26 2018 22:24:09 GMT+0300 (Беларусь (зима))"}
{"level":"info","message":"url: \"localhost:8080/posts\", date: Mon Feb 26 2018 22:24:09 GMT+0300 (Беларусь (зима))"}
{"level":"info","message":"url: \"localhost:8080/\", date: Mon Feb 26 2018 22:26:03 GMT+0300 (Беларусь (зима))"}
{"level":"info","message":"url: \"localhost:8080/\", date: Mon Feb 26 2018 22:26:03 GMT+0300 (Беларусь (зима))"}
{"level":"error","message":"error: {\"name\":\"Invariant Violation\",\"framesToPop\":1}, date: Mon Feb 26 2018 22:26:03 GMT+0300 (Беларусь (зима))"}
{"level":"info","message":"url: \"localhost:8080/\", date: Mon Feb 26 2018 22:30:57 GMT+0300 (Беларусь (зима))"}
{"level":"info","message":"url: \"localhost:8080/\", date: Mon Feb 26 2018 22:30:57 GMT+0300 (Беларусь (зима))"}
{"level":"error","message":"error: {\"name\":\"Invariant Violation\",\"framesToPop\":1}, date: Mon Feb 26 2018 22:30:57 GMT+0300 (Беларусь (зима))"}
{"level":"info","message":"url: \"localhost:8080/posts\", date: Mon Feb 26 2018 22:31:17 GMT+0300 (Беларусь (зима))"}
{"level":"info","message":"url: \"localhost:8080/posts\", date: Mon Feb 26 2018 22:31:17 GMT+0300 (Беларусь (зима))"}
{"level":"info","message":"url: \"localhost:8080/\", date: Mon Feb 26 2018 22:31:21 GMT+0300 (Беларусь (зима))"}
{"level":"info","message":"url: \"localhost:8080/\", date: Mon Feb 26 2018 22:31:21 GMT+0300 (Беларусь (зима))"}
{"level":"error","message":"error: {\"name\":\"Invariant Violation\",\"framesToPop\":1}, date: Mon Feb 26 2018 22:31:21 GMT+0300 (Беларусь (зима))"}
{"level":"info","message":"url: \"localhost:8080/\", date: Mon Feb 26 2018 22:32:54 GMT+0300 (Беларусь (зима))"}
{"level":"info","message":"url: \"localhost:8080/\", date: Mon Feb 26 2018 22:32:54 GMT+0300 (Беларусь (зима))"}
{"level":"error","message":"error: {\"name\":\"Invariant Violation\",\"framesToPop\":1}, date: Mon Feb 26 2018 22:32:54 GMT+0300 (Беларусь (зима))"}
{"level":"info","message":"url: \"localhost:8080/p\", date: Mon Feb 26 2018 22:33:08 GMT+0300 (Беларусь (зима))"}
{"level":"info","message":"url: \"localhost:8080/p\", date: Mon Feb 26 2018 22:33:08 GMT+0300 (Беларусь (зима))"}
{"level":"info","message":"url: \"localhost:8080/posts\", date: Mon Feb 26 2018 22:33:12 GMT+0300 (Беларусь (зима))"}
{"level":"info","message":"url: \"localhost:8080/posts\", date: Mon Feb 26 2018 22:33:12 GMT+0300 (Беларусь (зима))"}
{"level":"info","message":"url: \"localhost:8080/addpost\", date: Mon Feb 26 2018 22:33:14 GMT+0300 (Беларусь (зима))"}
{"level":"info","message":"url: \"localhost:8080/addpost\", date: Mon Feb 26 2018 22:33:14 GMT+0300 (Беларусь (зима))"}
{"level":"info","message":"url: \"localhost:8080/\", date: Sun Mar 04 2018 12:21:41 GMT+0300 (Беларусь (зима))"}
{"level":"info","message":"url: \"localhost:8080/\", date: Sun Mar 04 2018 12:21:41 GMT+0300 (Беларусь (зима))"}
{"level":"error","message":"error: {\"name\":\"Invariant Violation\",\"framesToPop\":1}, date: Sun Mar 04 2018 12:21:41 GMT+0300 (Беларусь (зима))"}
{"level":"info","message":"url: \"localhost:8080/p\", date: Sun Mar 04 2018 12:22:13 GMT+0300 (Беларусь (зима))"}
{"level":"info","message":"url: \"localhost:8080/p\", date: Sun Mar 04 2018 12:22:13 GMT+0300 (Беларусь (зима))"}
{"level":"info","message":"url: \"localhost:8080/blogs\", date: Sun Mar 04 2018 12:22:18 GMT+0300 (Беларусь (зима))"}
{"level":"info","message":"url: \"localhost:8080/blogs\", date: Sun Mar 04 2018 12:22:18 GMT+0300 (Беларусь (зима))"}
{"level":"info","message":"url: \"localhost:8080/blog\", date: Sun Mar 04 2018 12:22:21 GMT+0300 (Беларусь (зима))"}
{"level":"info","message":"url: \"localhost:8080/blog\", date: Sun Mar 04 2018 12:22:21 GMT+0300 (Беларусь (зима))"}
{"level":"info","message":"url: \"localhost:8080/posts\", date: Sun Mar 04 2018 12:22:57 GMT+0300 (Беларусь (зима))"}
{"level":"info","message":"url: \"localhost:8080/posts\", date: Sun Mar 04 2018 12:22:57 GMT+0300 (Беларусь (зима))"}
{"level":"info","message":"url: \"localhost:8080/\", date: Sun Mar 04 2018 16:24:46 GMT+0300 (Беларусь (зима))"}
{"level":"info","message":"url: \"localhost:8080/\", date: Sun Mar 04 2018 16:24:46 GMT+0300 (Беларусь (зима))"}
{"level":"error","message":"error: {\"name\":\"Invariant Violation\",\"framesToPop\":1}, date: Sun Mar 04 2018 16:24:46 GMT+0300 (Беларусь (зима))"}
{"level":"info","message":"url: \"localhost:8080/posts\", date: Sun Mar 04 2018 16:24:51 GMT+0300 (Беларусь (зима))"}
{"level":"info","message":"url: \"localhost:8080/posts\", date: Sun Mar 04 2018 16:24:51 GMT+0300 (Беларусь (зима))"}
{"level":"info","message":"url: \"localhost:8080/posts\", date: Sun Mar 04 2018 16:25:57 GMT+0300 (Беларусь (зима))"}
{"level":"info","message":"url: \"localhost:8080/posts\", date: Sun Mar 04 2018 16:25:57 GMT+0300 (Беларусь (зима))"}
{"level":"error","message":"error: {}, date: Sun Mar 04 2018 16:35:17 GMT+0300 (Беларусь (зима))"}
{"level":"error","message":"error: {}, date: Sun Mar 04 2018 16:35:20 GMT+0300 (Беларусь (зима))"}
{"level":"error","message":"error: {}, date: Sun Mar 04 2018 16:35:39 GMT+0300 (Беларусь (зима))"}
{"level":"error","message":"error: {}, date: Sun Mar 04 2018 16:38:54 GMT+0300 (Беларусь (зима))"}
{"level":"info","message":"url: \"localhost:8080/posts\", date: Sun Mar 04 2018 17:22:26 GMT+0300 (Беларусь (зима))"}
{"level":"info","message":"url: \"localhost:8080/posts\", date: Sun Mar 04 2018 17:22:26 GMT+0300 (Беларусь (зима))"}
{"level":"info","message":"url: \"localhost:8080/\", date: Sun Mar 04 2018 17:23:40 GMT+0300 (Беларусь (зима))"}
{"level":"info","message":"url: \"localhost:8080/\", date: Sun Mar 04 2018 17:23:40 GMT+0300 (Беларусь (зима))"}
{"level":"error","message":"error: {\"name\":\"Invariant Violation\",\"framesToPop\":1}, date: Sun Mar 04 2018 17:23:40 GMT+0300 (Беларусь (зима))"}
{"level":"info","message":"url: \"localhost:8080/p\", date: Sun Mar 04 2018 17:24:15 GMT+0300 (Беларусь (зима))"}
{"level":"info","message":"url: \"localhost:8080/p\", date: Sun Mar 04 2018 17:24:15 GMT+0300 (Беларусь (зима))"}
{"level":"error","message":"error: {\"name\":\"Invariant Violation\",\"framesToPop\":1}, date: Sun Mar 04 2018 17:24:15 GMT+0300 (Беларусь (зима))"}
{"level":"info","message":"url: \"localhost:8080/p\", date: Sun Mar 04 2018 17:24:19 GMT+0300 (Беларусь (зима))"}
{"level":"info","message":"url: \"localhost:8080/p\", date: Sun Mar 04 2018 17:24:19 GMT+0300 (Беларусь (зима))"}
{"level":"error","message":"error: {\"name\":\"Invariant Violation\",\"framesToPop\":1}, date: Sun Mar 04 2018 17:24:19 GMT+0300 (Беларусь (зима))"}
{"level":"info","message":"url: \"localhost:8080/p\", date: Sun Mar 04 2018 17:24:22 GMT+0300 (Беларусь (зима))"}
{"level":"info","message":"url: \"localhost:8080/p\", date: Sun Mar 04 2018 17:24:22 GMT+0300 (Беларусь (зима))"}
{"level":"error","message":"error: {\"name\":\"Invariant Violation\",\"framesToPop\":1}, date: Sun Mar 04 2018 17:24:22 GMT+0300 (Беларусь (зима))"}
{"level":"info","message":"url: \"localhost:8080/p\", date: Sun Mar 04 2018 17:24:23 GMT+0300 (Беларусь (зима))"}
{"level":"info","message":"url: \"localhost:8080/p\", date: Sun Mar 04 2018 17:24:23 GMT+0300 (Беларусь (зима))"}
{"level":"error","message":"error: {\"name\":\"Invariant Violation\",\"framesToPop\":1}, date: Sun Mar 04 2018 17:24:23 GMT+0300 (Беларусь (зима))"}
{"level":"info","message":"url: \"localhost:8080/psdfdsf\", date: Sun Mar 04 2018 17:24:50 GMT+0300 (Беларусь (зима))"}
{"level":"info","message":"url: \"localhost:8080/psdfdsf\", date: Sun Mar 04 2018 17:24:50 GMT+0300 (Беларусь (зима))"}
{"level":"info","message":"url: \"localhost:8080/p\", date: Sun Mar 04 2018 17:24:58 GMT+0300 (Беларусь (зима))"}
{"level":"info","message":"url: \"localhost:8080/p\", date: Sun Mar 04 2018 17:24:58 GMT+0300 (Беларусь (зима))"}
{"level":"error","message":"error: {\"name\":\"Invariant Violation\",\"framesToPop\":1}, date: Sun Mar 04 2018 17:24:58 GMT+0300 (Беларусь (зима))"}
{"level":"info","message":"url: \"localhost:8080/ppp\", date: Sun Mar 04 2018 17:35:44 GMT+0300 (Беларусь (зима))"}
{"level":"info","message":"url: \"localhost:8080/ppp\", date: Sun Mar 04 2018 17:35:44 GMT+0300 (Беларусь (зима))"}
{"level":"error","message":"error: {\"name\":\"Invariant Violation\",\"framesToPop\":1}, date: Sun Mar 04 2018 17:35:44 GMT+0300 (Беларусь (зима))"}
{"level":"info","message":"url: \"localhost:8080/\", date: Sun Mar 04 2018 17:35:53 GMT+0300 (Беларусь (зима))"}
{"level":"info","message":"url: \"localhost:8080/\", date: Sun Mar 04 2018 17:35:53 GMT+0300 (Беларусь (зима))"}
{"level":"info","message":"url: \"localhost:8080/posts\", date: Sun Mar 04 2018 17:35:59 GMT+0300 (Беларусь (зима))"}
{"level":"info","message":"url: \"localhost:8080/posts\", date: Sun Mar 04 2018 17:35:59 GMT+0300 (Беларусь (зима))"}
{"level":"info","message":"url: \"localhost:8080/\", date: Sun Mar 04 2018 17:36:08 GMT+0300 (Беларусь (зима))"}
{"level":"info","message":"url: \"localhost:8080/\", date: Sun Mar 04 2018 17:36:08 GMT+0300 (Беларусь (зима))"}
{"level":"info","message":"url: \"localhost:8080/ppp\", date: Sun Mar 04 2018 17:36:13 GMT+0300 (Беларусь (зима))"}
{"level":"info","message":"url: \"localhost:8080/ppp\", date: Sun Mar 04 2018 17:36:13 GMT+0300 (Беларусь (зима))"}
{"level":"error","message":"error: {\"name\":\"Invariant Violation\",\"framesToPop\":1}, date: Sun Mar 04 2018 17:36:13 GMT+0300 (Беларусь (зима))"}
{"level":"info","message":"url: \"localhost:8080/login\", date: Sun Mar 04 2018 17:37:17 GMT+0300 (Беларусь (зима))"}
{"level":"info","message":"url: \"localhost:8080/login\", date: Sun Mar 04 2018 17:37:17 GMT+0300 (Беларусь (зима))"}
{"level":"info","message":"url: \"localhost:8080/\", date: Sun Mar 04 2018 20:21:24 GMT+0300 (Беларусь (зима))"}
{"level":"info","message":"url: \"localhost:8080/\", date: Sun Mar 04 2018 20:21:24 GMT+0300 (Беларусь (зима))"}
{"level":"info","message":"url: \"localhost:8080/\", date: Mon Mar 05 2018 10:27:55 GMT+0300 (Беларусь (зима))"}
{"level":"info","message":"url: \"localhost:8080/main\", date: Mon Mar 05 2018 10:27:59 GMT+0300 (Беларусь (зима))"}
{"level":"info","message":"url: \"localhost:8080/main\", date: Mon Mar 05 2018 10:29:19 GMT+0300 (Беларусь (зима))"}
{"level":"info","message":"url: \"localhost:8080/\", date: Mon Mar 05 2018 10:29:22 GMT+0300 (Беларусь (зима))"}
{"level":"info","message":"url: \"localhost:8080/\", date: Mon Mar 05 2018 10:29:25 GMT+0300 (Беларусь (зима))"}
{"level":"info","message":"url: \"localhost:8080/ppp\", date: Mon Mar 05 2018 10:30:12 GMT+0300 (Беларусь (зима))"}
{"level":"error","message":"error: {\"name\":\"Invariant Violation\",\"framesToPop\":1}, date: Mon Mar 05 2018 10:30:12 GMT+0300 (Беларусь (зима))"}
{"level":"info","message":"url: \"localhost:8080/main\", date: Mon Mar 05 2018 10:30:38 GMT+0300 (Беларусь (зима))"}
{"level":"info","message":"url: \"localhost:8080/addpost\", date: Mon Mar 05 2018 10:30:41 GMT+0300 (Беларусь (зима))"}
{"level":"info","message":"url: \"localhost:8080/\", date: Mon Mar 05 2018 10:38:06 GMT+0300 (Беларусь (зима))"}
{"level":"info","message":"url: \"localhost:8080/\", date: Mon Mar 05 2018 10:38:13 GMT+0300 (Беларусь (зима))"}
{"level":"info","message":"url: \"localhost:8080/mail\", date: Mon Mar 05 2018 10:38:17 GMT+0300 (Беларусь (зима))"}
{"level":"info","message":"url: \"localhost:8080/main\", date: Mon Mar 05 2018 10:38:20 GMT+0300 (Беларусь (зима))"}
{"level":"info","message":"url: \"localhost:8080/\", date: Mon Mar 05 2018 10:42:57 GMT+0300 (Беларусь (зима))"}
{"level":"info","message":"url: \"localhost:8080/main\", date: Mon Mar 05 2018 10:43:01 GMT+0300 (Беларусь (зима))"}
{"level":"info","message":"url: \"localhost:8080/\", date: Mon Mar 05 2018 10:48:44 GMT+0300 (Беларусь (зима))"}
{"level":"info","message":"url: \"localhost:8080/main\", date: Mon Mar 05 2018 10:48:49 GMT+0300 (Беларусь (зима))"}
{"level":"info","message":"url: \"localhost:8080/\", date: Mon Mar 05 2018 11:19:44 GMT+0300 (Беларусь (зима))"}
{"level":"info","message":"url: \"localhost:8080/\", date: Mon Mar 05 2018 11:27:41 GMT+0300 (Беларусь (зима))"}
{"level":"info","message":"url: \"localhost:8080/\", date: Mon Mar 05 2018 11:29:13 GMT+0300 (Беларусь (зима))"}
{"level":"info","message":"url: \"localhost:8080/\", date: Mon Mar 05 2018 11:29:16 GMT+0300 (Беларусь (зима))"}
{"level":"info","message":"url: \"localhost:8080/main\", date: Mon Mar 05 2018 11:29:24 GMT+0300 (Беларусь (зима))"}
{"level":"info","message":"url: \"localhost:8080/posts\", date: Mon Mar 05 2018 11:29:57 GMT+0300 (Беларусь (зима))"}
{"level":"info","message":"url: \"localhost:8080/\", date: Mon Mar 05 2018 11:44:11 GMT+0300 (Беларусь (зима))"}
{"level":"info","message":"url: \"localhost:8080/\", date: Mon Mar 05 2018 11:44:13 GMT+0300 (Беларусь (зима))"}
{"level":"info","message":"url: \"localhost:8080/\", date: Mon Mar 05 2018 11:44:33 GMT+0300 (Беларусь (зима))"}
{"level":"info","message":"url: \"localhost:8080/\", date: Mon Mar 05 2018 11:45:59 GMT+0300 (Беларусь (зима))"}
{"level":"info","message":"url: \"localhost:3000/posts\", date: Mon Mar 05 2018 11:47:56 GMT+0300 (Беларусь (зима))"}
{"level":"info","message":"url: \"localhost:3000/posts\", date: Mon Mar 05 2018 11:52:29 GMT+0300 (Беларусь (зима))"}
{"level":"info","message":"url: \"localhost:3000/posts\", date: Mon Mar 05 2018 11:53:01 GMT+0300 (Беларусь (зима))"}
