{"level":"error","message":"error: {}, date: Mon Feb 26 2018 20:47:40 GMT+0300 (Беларусь (зима))"}
{"level":"error","message":"error: {}, date: Mon Feb 26 2018 20:51:47 GMT+0300 (Беларусь (зима))"}
{"level":"error","message":"error: {\"name\":\"Invariant Violation\",\"framesToPop\":1}, date: Mon Feb 26 2018 20:53:49 GMT+0300 (Беларусь (зима))"}
{"level":"error","message":"error: {\"name\":\"Invariant Violation\",\"framesToPop\":1}, date: Mon Feb 26 2018 20:58:26 GMT+0300 (Беларусь (зима))"}
{"level":"error","message":"error: {\"name\":\"Invariant Violation\",\"framesToPop\":1}, date: Mon Feb 26 2018 20:59:39 GMT+0300 (Беларусь (зима))"}
{"level":"error","message":"error: {\"name\":\"Invariant Violation\",\"framesToPop\":1}, date: Mon Feb 26 2018 20:59:46 GMT+0300 (Беларусь (зима))"}
{"level":"error","message":"error: {\"name\":\"Invariant Violation\",\"framesToPop\":1}, date: Mon Feb 26 2018 21:00:27 GMT+0300 (Беларусь (зима))"}
{"level":"error","message":"error: {\"name\":\"Invariant Violation\",\"framesToPop\":1}, date: Mon Feb 26 2018 21:02:13 GMT+0300 (Беларусь (зима))"}
{"level":"error","message":"error: {\"name\":\"Invariant Violation\",\"framesToPop\":1}, date: Mon Feb 26 2018 21:02:47 GMT+0300 (Беларусь (зима))"}
{"level":"error","message":"error: {\"name\":\"Invariant Violation\",\"framesToPop\":1}, date: Mon Feb 26 2018 21:03:15 GMT+0300 (Беларусь (зима))"}
{"level":"error","message":"error: {\"name\":\"Invariant Violation\",\"framesToPop\":1}, date: Mon Feb 26 2018 21:11:52 GMT+0300 (Беларусь (зима))"}
{"level":"error","message":"error: {\"name\":\"Invariant Violation\",\"framesToPop\":1}, date: Mon Feb 26 2018 22:14:24 GMT+0300 (Беларусь (зима))"}
{"level":"error","message":"error: {\"name\":\"Invariant Violation\",\"framesToPop\":1}, date: Mon Feb 26 2018 22:17:21 GMT+0300 (Беларусь (зима))"}
{"level":"error","message":"error: {\"name\":\"Invariant Violation\",\"framesToPop\":1}, date: Mon Feb 26 2018 22:17:25 GMT+0300 (Беларусь (зима))"}
{"level":"error","message":"error: {\"name\":\"Invariant Violation\",\"framesToPop\":1}, date: Mon Feb 26 2018 22:17:27 GMT+0300 (Беларусь (зима))"}
{"level":"error","message":"error: {\"name\":\"Invariant Violation\",\"framesToPop\":1}, date: Mon Feb 26 2018 22:17:36 GMT+0300 (Беларусь (зима))"}
{"level":"error","message":"error: {\"name\":\"Invariant Violation\",\"framesToPop\":1}, date: Mon Feb 26 2018 22:18:09 GMT+0300 (Беларусь (зима))"}
{"level":"error","message":"error: {\"name\":\"Invariant Violation\",\"framesToPop\":1}, date: Mon Feb 26 2018 22:20:23 GMT+0300 (Беларусь (зима))"}
{"level":"error","message":"error: {\"name\":\"Invariant Violation\",\"framesToPop\":1}, date: Mon Feb 26 2018 22:26:03 GMT+0300 (Беларусь (зима))"}
{"level":"error","message":"error: {\"name\":\"Invariant Violation\",\"framesToPop\":1}, date: Mon Feb 26 2018 22:30:57 GMT+0300 (Беларусь (зима))"}
{"level":"error","message":"error: {\"name\":\"Invariant Violation\",\"framesToPop\":1}, date: Mon Feb 26 2018 22:31:21 GMT+0300 (Беларусь (зима))"}
{"level":"error","message":"error: {\"name\":\"Invariant Violation\",\"framesToPop\":1}, date: Mon Feb 26 2018 22:32:54 GMT+0300 (Беларусь (зима))"}
{"level":"error","message":"error: {\"name\":\"Invariant Violation\",\"framesToPop\":1}, date: Sun Mar 04 2018 12:21:41 GMT+0300 (Беларусь (зима))"}
{"level":"error","message":"error: {\"name\":\"Invariant Violation\",\"framesToPop\":1}, date: Sun Mar 04 2018 16:24:46 GMT+0300 (Беларусь (зима))"}
{"level":"error","message":"error: {}, date: Sun Mar 04 2018 16:35:17 GMT+0300 (Беларусь (зима))"}
{"level":"error","message":"error: {}, date: Sun Mar 04 2018 16:35:20 GMT+0300 (Беларусь (зима))"}
{"level":"error","message":"error: {}, date: Sun Mar 04 2018 16:35:39 GMT+0300 (Беларусь (зима))"}
{"level":"error","message":"error: {}, date: Sun Mar 04 2018 16:38:54 GMT+0300 (Беларусь (зима))"}
{"level":"error","message":"error: {\"name\":\"Invariant Violation\",\"framesToPop\":1}, date: Sun Mar 04 2018 17:23:40 GMT+0300 (Беларусь (зима))"}
{"level":"error","message":"error: {\"name\":\"Invariant Violation\",\"framesToPop\":1}, date: Sun Mar 04 2018 17:24:15 GMT+0300 (Беларусь (зима))"}
{"level":"error","message":"error: {\"name\":\"Invariant Violation\",\"framesToPop\":1}, date: Sun Mar 04 2018 17:24:19 GMT+0300 (Беларусь (зима))"}
{"level":"error","message":"error: {\"name\":\"Invariant Violation\",\"framesToPop\":1}, date: Sun Mar 04 2018 17:24:22 GMT+0300 (Беларусь (зима))"}
{"level":"error","message":"error: {\"name\":\"Invariant Violation\",\"framesToPop\":1}, date: Sun Mar 04 2018 17:24:23 GMT+0300 (Беларусь (зима))"}
{"level":"error","message":"error: {\"name\":\"Invariant Violation\",\"framesToPop\":1}, date: Sun Mar 04 2018 17:24:58 GMT+0300 (Беларусь (зима))"}
{"level":"error","message":"error: {\"name\":\"Invariant Violation\",\"framesToPop\":1}, date: Sun Mar 04 2018 17:35:44 GMT+0300 (Беларусь (зима))"}
{"level":"error","message":"error: {\"name\":\"Invariant Violation\",\"framesToPop\":1}, date: Sun Mar 04 2018 17:36:13 GMT+0300 (Беларусь (зима))"}
{"level":"error","message":"error: {\"name\":\"Invariant Violation\",\"framesToPop\":1}, date: Mon Mar 05 2018 10:30:12 GMT+0300 (Беларусь (зима))"}
{"level":"error","message":"error: Error, date: Fri Mar 09 2018 15:06:34 GMT+0300 (Беларусь (зима))"}
{"level":"error","message":"error: Error, date: Fri Mar 09 2018 15:07:13 GMT+0300 (Беларусь (зима))"}
{"level":"error","message":"error: Error, date: Fri Mar 09 2018 15:08:45 GMT+0300 (Беларусь (зима))"}
{"level":"error","message":"error: Error, date: Fri Mar 09 2018 15:09:23 GMT+0300 (Беларусь (зима))"}
{"level":"error","message":"error: Error, date: Fri Mar 09 2018 15:10:18 GMT+0300 (Беларусь (зима))"}
{"level":"error","message":"error: Error, date: Fri Mar 09 2018 15:12:35 GMT+0300 (Беларусь (зима))"}
{"level":"error","message":"error: Error, date: Fri Mar 09 2018 15:13:17 GMT+0300 (Беларусь (зима))"}
{"level":"error","message":"error: Error, date: Fri Mar 09 2018 15:16:14 GMT+0300 (Беларусь (зима))"}
{"level":"error","message":"error: Error, date: Fri Mar 09 2018 15:24:59 GMT+0300 (Беларусь (зима))"}
{"level":"error","message":"error: Error, date: Fri Mar 09 2018 15:24:59 GMT+0300 (Беларусь (зима))"}
{"level":"error","message":"error: Error, date: Fri Mar 09 2018 15:27:22 GMT+0300 (Беларусь (зима))"}
{"level":"error","message":"error: Error, date: Fri Mar 09 2018 15:28:03 GMT+0300 (Беларусь (зима))"}
{"level":"error","message":"error: Error, date: Fri Mar 09 2018 15:28:47 GMT+0300 (Беларусь (зима))"}
{"level":"error","message":"error: Error, date: Fri Mar 09 2018 15:32:47 GMT+0300 (Беларусь (зима))"}
{"level":"error","message":"error: Error, date: Fri Mar 09 2018 15:33:17 GMT+0300 (Беларусь (зима))"}
{"level":"error","message":"error: Error, date: Fri Mar 09 2018 15:34:03 GMT+0300 (Беларусь (зима))"}
{"level":"error","message":"error: Error, date: Fri Mar 09 2018 16:16:25 GMT+0300 (Беларусь (зима))"}
{"level":"error","message":"error: Error, date: Mon Mar 12 2018 20:44:43 GMT+0300 (Беларусь (зима))"}
{"level":"error","message":"error: Error, date: Mon Mar 12 2018 20:44:44 GMT+0300 (Беларусь (зима))"}
